<?xml version="1.0" encoding="UTF-8"?>
<testsuite xmlns:xsi="http://www.w3.org/2001/XMLSchema-instance" xsi:noNamespaceSchemaLocation="https://maven.apache.org/surefire/maven-surefire-plugin/xsd/surefire-test-report-3.0.xsd" version="3.0" name="com.example.IntervalTest" time="0.017" tests="6" errors="0" skipped="0" failures="0">
  <properties>
[...]
</properties>
  <testcase name="testToString" classname="com.example.IntervalTest" time="0.003"/>
  <testcase name="testIntervalCreation" classname="com.example.IntervalTest" time="0.002"/>
  <testcase name="testContains" classname="com.example.IntervalTest" time="0.001"/>
  <testcase name="testZeroStart" classname="com.example.IntervalTest" time="0.0"/>
  <testcase name="testSingleTimestep" classname="com.example.IntervalTest" time="0.002"/>
  <testcase name="testIntervalLength" classname="com.example.IntervalTest" time="0.001"/>
</testsuite>