<?xml version="1.0" encoding="UTF-8"?>
<testsuite xmlns:xsi="http://www.w3.org/2001/XMLSchema-instance" xsi:noNamespaceSchemaLocation="https://maven.apache.org/surefire/maven-surefire-plugin/xsd/surefire-test-report-3.0.xsd" version="3.0" name="com.example.AdvancedFeaturesTest" time="0.443" tests="12" errors="0" skipped="0" failures="1">
  <properties>
[...]
</properties>
  <testcase name="testProvenanceTracking" classname="com.example.AdvancedFeaturesTest" time="0.049">
    <system-out><![CDATA[t=1 inferred by r1: friend(Alice,Bob)
t=2 inferred by r1: friend(Alice,Bob)
t=3 inferred by r1: friend(Alice,Bob)
t=4 inferred by r1: friend(Alice,Bob)
t=5 inferred by r1: friend(Alice,Bob)
]]></system-out>
  </testcase>
  <testcase name="testCircularDependencyDetection" classname="com.example.AdvancedFeaturesTest" time="0.274"/>
  <testcase name="testConstraintValidation" classname="com.example.AdvancedFeaturesTest" time="0.028">
    <system-out><![CDATA[18:48:55.063 [main] ERROR com.example.ConstraintValidator - Hard constraint violated: unique_loc at t=3
18:48:55.068 [main] ERROR com.example.ConstraintValidator - Hard constraint violated: unique_loc at t=4
18:48:55.069 [main] ERROR com.example.ConstraintValidator - Hard constraint violated: unique_loc at t=5
]]></system-out>
  </testcase>
  <testcase name="testLiteralParsing" classname="com.example.AdvancedFeaturesTest" time="0.002"/>
  <testcase name="testNegationAsFailure" classname="com.example.AdvancedFeaturesTest" time="0.012">
    <failure message="expected: &lt;true&gt; but was: &lt;false&gt;" type="org.opentest4j.AssertionFailedError"><![CDATA[org.opentest4j.AssertionFailedError: expected: <true> but was: <false>
	at org.junit.jupiter.api.AssertionFailureBuilder.build(AssertionFailureBuilder.java:151)
	at org.junit.jupiter.api.AssertionFailureBuilder.buildAndThrow(AssertionFailureBuilder.java:132)
	at org.junit.jupiter.api.AssertTrue.failNotTrue(AssertTrue.java:63)
	at org.junit.jupiter.api.AssertTrue.assertTrue(AssertTrue.java:36)
	at org.junit.jupiter.api.AssertTrue.assertTrue(AssertTrue.java:31)
	at org.junit.jupiter.api.Assertions.assertTrue(Assertions.java:179)
	at com.example.AdvancedFeaturesTest.testNegationAsFailure(AdvancedFeaturesTest.java:93)
	at java.base/java.lang.reflect.Method.invoke(Method.java:565)
	at java.base/java.util.ArrayList.forEach(ArrayList.java:1604)
	at java.base/java.util.ArrayList.forEach(ArrayList.java:1604)
]]></failure>
  </testcase>
  <testcase name="testIncrementalReasoning" classname="com.example.AdvancedFeaturesTest" time="0.006">
    <system-out><![CDATA[t=1 inferred by r1: friend(Alice,Bob)
t=2 inferred by r1: friend(Alice,Bob)
t=3 inferred by r1: friend(Alice,Bob)
t=4 inferred by r1: friend(Alice,Bob)
t=5 inferred by r1: friend(Alice,Bob)
t=6 inferred by r1: friend(Alice,Bob)
t=7 inferred by r1: friend(Alice,Bob)
t=8 inferred by r1: friend(Alice,Bob)
t=9 inferred by r1: friend(Alice,Bob)
t=10 inferred by r1: friend(Alice,Bob)
18:48:55.093 [main] INFO  com.example.IncrementalReasoner - Initial reasoning completed with 1 facts
18:48:55.094 [main] INFO  com.example.IncrementalReasoner - Starting incremental reasoning with 1 new facts
18:48:55.095 [main] INFO  com.example.IncrementalReasoner - Incremental reasoning completed in 2 iterations, 11 timesteps affected
]]></system-out>
  </testcase>
  <testcase name="testConflictDetection" classname="com.example.AdvancedFeaturesTest" time="0.002"/>
  <testcase name="testDerivationTreeDepth" classname="com.example.AdvancedFeaturesTest" time="0.003">
    <system-out><![CDATA[t=1 inferred by r1: b(x)
t=2 inferred by r1: b(x)
t=2 inferred by r2: c(x)
t=3 inferred by r1: b(x)
t=3 inferred by r2: c(x)
t=3 inferred by r3: d(x)
t=4 inferred by r1: b(x)
t=4 inferred by r2: c(x)
t=4 inferred by r3: d(x)
t=5 inferred by r1: b(x)
t=5 inferred by r2: c(x)
t=5 inferred by r3: d(x)
t=6 inferred by r1: b(x)
t=6 inferred by r2: c(x)
t=6 inferred by r3: d(x)
t=7 inferred by r1: b(x)
t=7 inferred by r2: c(x)
t=7 inferred by r3: d(x)
t=8 inferred by r1: b(x)
t=8 inferred by r2: c(x)
t=8 inferred by r3: d(x)
t=9 inferred by r1: b(x)
t=9 inferred by r2: c(x)
t=9 inferred by r3: d(x)
t=10 inferred by r1: b(x)
t=10 inferred by r2: c(x)
t=10 inferred by r3: d(x)
]]></system-out>
  </testcase>
  <testcase name="testConstraintBuilders" classname="com.example.AdvancedFeaturesTest" time="0.007"/>
  <testcase name="testIncrementalReasoningWithPropagation" classname="com.example.AdvancedFeaturesTest" time="0.007">
    <system-out><![CDATA[t=1 inferred by r1: friend(Alice,Bob)
t=2 inferred by r1: friend(Alice,Bob)
t=2 inferred by r2: popular(Bob)
t=3 inferred by r1: friend(Alice,Bob)
t=3 inferred by r2: popular(Bob)
t=4 inferred by r1: friend(Alice,Bob)
t=4 inferred by r2: popular(Bob)
t=5 inferred by r1: friend(Alice,Bob)
t=5 inferred by r2: popular(Bob)
t=6 inferred by r1: friend(Alice,Bob)
t=6 inferred by r2: popular(Bob)
t=7 inferred by r1: friend(Alice,Bob)
t=7 inferred by r2: popular(Bob)
t=8 inferred by r1: friend(Alice,Bob)
t=8 inferred by r2: popular(Bob)
t=9 inferred by r1: friend(Alice,Bob)
t=9 inferred by r2: popular(Bob)
t=10 inferred by r1: friend(Alice,Bob)
t=10 inferred by r2: popular(Bob)
18:48:55.114 [main] INFO  com.example.IncrementalReasoner - Initial reasoning completed with 1 facts
18:48:55.114 [main] INFO  com.example.IncrementalReasoner - Starting incremental reasoning with 1 new facts
18:48:55.116 [main] INFO  com.example.IncrementalReasoner - Incremental reasoning completed in 2 iterations, 11 timesteps affected
]]></system-out>
  </testcase>
  <testcase name="testQueryResultEquality" classname="com.example.AdvancedFeaturesTest" time="0.004"/>
  <testcase name="testQueryLanguage" classname="com.example.AdvancedFeaturesTest" time="0.006">
    <system-out><![CDATA[t=1 inferred by r1: trendy(Alice)
t=2 inferred by r1: trendy(Alice)
t=3 inferred by r1: trendy(Bob)
t=3 inferred by r1: trendy(Alice)
t=4 inferred by r1: trendy(Bob)
t=4 inferred by r1: trendy(Alice)
t=5 inferred by r1: trendy(Bob)
t=5 inferred by r1: trendy(Alice)
t=6 inferred by r1: trendy(Bob)
t=6 inferred by r1: trendy(Alice)
t=7 inferred by r1: trendy(Bob)
t=8 inferred by r1: trendy(Bob)
t=9 inferred by r1: trendy(Bob)
]]></system-out>
  </testcase>
</testsuite>